<?xml version="1.0" encoding="utf-8"?><testsuites name="pytest tests"><testsuite name="pytest" errors="0" failures="0" skipped="0" tests="5" time="2.722" timestamp="2026-01-30T11:30:31.760930+05:30" hostname="VERONICA"><testcase classname="test_functional" name="test_search_functionality[phone]" time="1.001" /><testcase classname="test_functional" name="test_checkout_process" time="1.001" /><testcase classname="test_functional" name="test_user_login_flow" time="1.001" /><testcase classname="test_functional" name="test_search_functionality[tablet]" time="1.001" /><testcase classname="test_functional" name="test_search_functionality[laptop]" time="1.001" /></testsuite></testsuites>